<?xml version="1.0" encoding="UTF-8"?>
<!-- Generated by org.testng.reporters.JUnitReportReporter -->
<testsuite hostname="DESKTOP-DBSNJJS" failures="0" tests="1" name="CrudOperation.PostRequest" time="0.417" errors="0" timestamp="2022-11-05T11:45:55 IST" skipped="0">
  <testcase classname="CrudOperation.PostRequest" name="postRequest" time="0.417"/>
  <system-out/>
</testsuite> <!-- CrudOperation.PostRequest -->
