<?xml version="1.0" encoding="UTF-8"?>
<!-- Generated by org.testng.reporters.JUnitReportReporter -->
<testsuite hostname="DESKTOP-DBSNJJS" failures="0" tests="1" name="Authentication.BearerToken" time="5.226" errors="0" timestamp="2022-11-05T10:31:35 IST" skipped="0">
  <testcase classname="Authentication.BearerToken" name="b" time="5.226"/>
  <system-out/>
</testsuite> <!-- Authentication.BearerToken -->
