<?xml version="1.0" encoding="UTF-8"?>
<!-- Generated by org.testng.reporters.JUnitReportReporter -->
<testsuite hostname="DESKTOP-DBSNJJS" failures="0" tests="1" name="CrudOperation.PutRequest" time="0.040" errors="0" timestamp="2022-11-05T11:45:55 IST" skipped="0">
  <testcase classname="CrudOperation.PutRequest" name="putRequest" time="0.040"/>
  <system-out/>
</testsuite> <!-- CrudOperation.PutRequest -->
